<?xml version="1.0" encoding="UTF-8"?>
<testng-results skipped="0" failed="0" ignored="0" total="0" passed="0">
  <reporter-output>
  </reporter-output>
  <suite name="mailRu.test.SmokeTest" duration-ms="0" started-at="2017-03-23T08:13:51Z" finished-at="2017-03-23T08:13:51Z">
    <groups>
    </groups>
    <test name="Command line test" duration-ms="0" started-at="2017-03-23T08:13:51Z" finished-at="2017-03-23T08:13:51Z">
    </test> <!-- Command line test -->
  </suite> <!-- mailRu.test.SmokeTest -->
</testng-results>
